********************************************************************************
DUPLICATOR-LITE PACKAGE-LOG: 19 August, 2019 8:37 pm
NOTICE: Do NOT post to public sites or forums 
********************************************************************************
VERSION:	1.3.18
WORDPRESS:	5.2.2
PHP INFO:	7.1.30 | SAPI: apache2handler
SERVER:		Apache/2.4.39 (Unix) OpenSSL/1.0.2s PHP/7.1.30 mod_perl/2.0.8-dev Perl/v5.16.3 
PHP TIME LIMIT: (0) no time limit imposed 
PHP MAX MEMORY: 4294967296 (128M default) 
MEMORY STACK: 4MB

********************************************************************************
DATABASE:
********************************************************************************
BUILD MODE:   MYSQLDUMP
MYSQLTIMEOUT: 5000
MYSQLDUMP:    Is Supported
SQL CREATED: 20190819_venta_5772bbeae3ac58621342_20190819203657_database.sql
SQL FILE SIZE: 319B (319)

==================================================================================
DUPLICATOR ERROR
Please try again! If the error persists see the Duplicator 'Help' menu.
---------------------------------------------------------------------------------
MESSAGE:
	SQL file size too low.
DETAILS:
	File does not look complete.  Check permission on file and parent directory at [/opt/lampp/htdocs/empresa/wordpress/wp-snapshots/tmp/20190819_venta_5772bbeae3ac58621342_20190819203657_database.sql]
TRACE:
	 1. class.pack.database.php : Error (217)
	 2. class.pack.php : build (1149)
	 3. ctrl.package.php : runDupArchiveBuild (141)
	 4. class-wp-hook.php : duplicator_duparchive_package_build (286)
	 5. class-wp-hook.php : apply_filters (310)
	 6. plugin.php : do_action (465)
	 7. admin-ajax.php : do_action (173)
==================================================================================


==================================================================================
DUPLICATOR ERROR
Please try again! If the error persists see the Duplicator 'Help' menu.
---------------------------------------------------------------------------------
MESSAGE:
	Runtime error in DUP_Database::Build
DETAILS:
	Exception: Exception: DUPLICATOR ERROR: Please see the 'Package Log' file link below. in /opt/lampp/htdocs/empresa/wordpress/wp-content/plugins/duplicator/classes/class.logging.php:269
Stack trace:
#0 /opt/lampp/htdocs/empresa/wordpress/wp-content/plugins/duplicator/classes/package/class.pack.database.php(217): DUP_Log::Error('SQL file size t...', 'File does not l...', 1)
#1 /opt/lampp/htdocs/empresa/wordpress/wp-content/plugins/duplicator/classes/package/class.pack.php(1149): DUP_Database->build(Object(DUP_Package), 1)
#2 /opt/lampp/htdocs/empresa/wordpress/wp-content/plugins/duplicator/ctrls/ctrl.package.php(141): DUP_Package->runDupArchiveBuild()
#3 /opt/lampp/htdocs/empresa/wordpress/wp-includes/class-wp-hook.php(286): duplicator_duparchive_package_build('')
#4 /opt/lampp/htdocs/empresa/wordpress/wp-includes/class-wp-hook.php(310): WP_Hook->apply_filters('', Array)
#5 /opt/lampp/htdocs/empresa/wordpress/wp-includes/plugin.php(465): WP_Hook->do_action(Array)
#6 /opt/lampp/htdocs/empresa/wordpress/wp-admin/admin-ajax.php(173): do_action('wp_ajax_duplica...')
#7 {main}
TRACE:
	 1. class.pack.database.php : Error (232)
	 2. class.pack.php : build (1149)
	 3. ctrl.package.php : runDupArchiveBuild (141)
	 4. class-wp-hook.php : duplicator_duparchive_package_build (286)
	 5. class-wp-hook.php : apply_filters (310)
	 6. plugin.php : do_action (465)
	 7. admin-ajax.php : do_action (173)
==================================================================================


==================================================================================
DUPLICATOR ERROR
Please try again! If the error persists see the Duplicator 'Help' menu.
---------------------------------------------------------------------------------
MESSAGE:
	Caught exception
DETAILS:
	DUPLICATOR ERROR: Please see the 'Package Log' file link below.
TRACE:
	 1. ctrl.package.php : Error (145)
	 2. class-wp-hook.php : duplicator_duparchive_package_build (286)
	 3. class-wp-hook.php : apply_filters (310)
	 4. plugin.php : do_action (465)
	 5. admin-ajax.php : do_action (173)
==================================================================================

[PHP ERR][WARN] MSG:implode(): Invalid arguments passed [CODE:2|FILE:/opt/lampp/htdocs/empresa/wordpress/wp-content/plugins/duplicator/ctrls/ctrl.package.php|LINE:168]

==================================================================================
DUPLICATOR ERROR
Please try again! If the error persists see the Duplicator 'Help' menu.
---------------------------------------------------------------------------------
MESSAGE:
	Build failed so sending back error
DETAILS:
	Error building DupArchive package&lt;br/&gt;
TRACE:
	 1. ctrl.package.php : Error (171)
	 2. class-wp-hook.php : duplicator_duparchive_package_build (286)
	 3. class-wp-hook.php : apply_filters (310)
	 4. plugin.php : do_action (465)
	 5. admin-ajax.php : do_action (173)
==================================================================================

